<?xml version="1.0" encoding="UTF-8"?>
<!-- Generated by org.testng.reporters.JUnitReportReporter -->
<testsuite hostname="G09INXNP33297X1" failures="0" tests="4" name="api.test.UserTests2" time="2.617" errors="0" timestamp="2024-03-01T15:53:48 IST" skipped="0">
  <testcase classname="api.test.UserTests2" name="testPostUser" time="2.490"/>
  <testcase classname="api.test.UserTests2" name="testGetUser" time="0.073"/>
  <testcase classname="api.test.UserTests2" name="testUpdateUser" time="0.039"/>
  <testcase classname="api.test.UserTests2" name="testDeleteUserByName" time="0.015"/>
</testsuite> <!-- api.test.UserTests2 -->
